This file contains any messages produced by compilers while
running configure, to aid debugging if configure makes a mistake.

It was created by opencv configure 1.1.0, which was
generated by GNU Autoconf 2.61.  Invocation command line was

  $ ./configure --disable-apps --without-v4l --with-gtk --without-python

## --------- ##
## Platform. ##
## --------- ##

hostname = ZoneX
uname -m = x86_64
uname -r = 3.13.0-48-generic
uname -s = Linux
uname -v = #80-Ubuntu SMP Thu Mar 12 11:16:15 UTC 2015

/usr/bin/uname -p = unknown
/bin/uname -X     = unknown

/bin/arch              = unknown
/usr/bin/arch -k       = unknown
/usr/convex/getsysinfo = unknown
/usr/bin/hostinfo      = unknown
/bin/machine           = unknown
/usr/bin/oslevel       = unknown
/bin/universe          = unknown

PATH: /usr/local/sbin
PATH: /usr/local/bin
PATH: /usr/sbin
PATH: /usr/bin
PATH: /sbin
PATH: /bin


## ----------- ##
## Core tests. ##
## ----------- ##

configure:2089: checking build system type
configure:2107: result: x86_64-unknown-linux-gnu
configure:2129: checking host system type
configure:2144: result: x86_64-unknown-linux-gnu
configure:2166: checking target system type
configure:2181: result: x86_64-unknown-linux-gnu
configure:2229: checking for a BSD-compatible install
configure:2285: result: /usr/bin/install -c
configure:2296: checking whether build environment is sane
configure:2339: result: yes
configure:2367: checking for a thread-safe mkdir -p
configure:2406: result: /bin/mkdir -p
configure:2419: checking for gawk
configure:2435: found /usr/bin/gawk
configure:2446: result: gawk
configure:2457: checking whether make sets $(MAKE)
configure:2478: result: yes
configure:2666: checking whether make sets $(MAKE)
configure:2687: result: yes
configure:2802: checking for g++
configure:2818: found /usr/bin/g++
configure:2829: result: g++
configure:2860: checking for C++ compiler version
configure:2867: g++ --version >&5
g++ (Ubuntu 4.8.2-19ubuntu1) 4.8.2
Copyright (C) 2013 Free Software Foundation, Inc.
This is free software; see the source for copying conditions.  There is NO
warranty; not even for MERCHANTABILITY or FITNESS FOR A PARTICULAR PURPOSE.

configure:2870: $? = 0
configure:2877: g++ -v >&5
Using built-in specs.
COLLECT_GCC=g++
COLLECT_LTO_WRAPPER=/usr/lib/gcc/x86_64-linux-gnu/4.8/lto-wrapper
Target: x86_64-linux-gnu
Configured with: ../src/configure -v --with-pkgversion='Ubuntu 4.8.2-19ubuntu1' --with-bugurl=file:///usr/share/doc/gcc-4.8/README.Bugs --enable-languages=c,c++,java,go,d,fortran,objc,obj-c++ --prefix=/usr --program-suffix=-4.8 --enable-shared --enable-linker-build-id --libexecdir=/usr/lib --without-included-gettext --enable-threads=posix --with-gxx-include-dir=/usr/include/c++/4.8 --libdir=/usr/lib --enable-nls --with-sysroot=/ --enable-clocale=gnu --enable-libstdcxx-debug --enable-libstdcxx-time=yes --enable-gnu-unique-object --disable-libmudflap --enable-plugin --with-system-zlib --disable-browser-plugin --enable-java-awt=gtk --enable-gtk-cairo --with-java-home=/usr/lib/jvm/java-1.5.0-gcj-4.8-amd64/jre --enable-java-home --with-jvm-root-dir=/usr/lib/jvm/java-1.5.0-gcj-4.8-amd64 --with-jvm-jar-dir=/usr/lib/jvm-exports/java-1.5.0-gcj-4.8-amd64 --with-arch-directory=amd64 --with-ecj-jar=/usr/share/java/eclipse-ecj.jar --enable-objc-gc --enable-multiarch --disable-werror --with-arch-32=i686 --with-abi=m64 --with-multilib-list=m32,m64,mx32 --with-tune=generic --enable-checking=release --build=x86_64-linux-gnu --host=x86_64-linux-gnu --target=x86_64-linux-gnu
Thread model: posix
gcc version 4.8.2 (Ubuntu 4.8.2-19ubuntu1) 
configure:2880: $? = 0
configure:2887: g++ -V >&5
g++: error: unrecognized command line option '-V'
g++: fatal error: no input files
compilation terminated.
configure:2890: $? = 4
configure:2913: checking for C++ compiler default output file name
configure:2940: g++    conftest.cpp  >&5
configure:2943: $? = 0
configure:2981: result: a.out
configure:2998: checking whether the C++ compiler works
configure:3008: ./a.out
configure:3011: $? = 0
configure:3028: result: yes
configure:3035: checking whether we are cross compiling
configure:3037: result: no
configure:3040: checking for suffix of executables
configure:3047: g++ -o conftest    conftest.cpp  >&5
configure:3050: $? = 0
configure:3074: result: 
configure:3080: checking for suffix of object files
configure:3106: g++ -c   conftest.cpp >&5
configure:3109: $? = 0
configure:3132: result: o
configure:3136: checking whether we are using the GNU C++ compiler
configure:3165: g++ -c   conftest.cpp >&5
configure:3171: $? = 0
configure:3188: result: yes
configure:3193: checking whether g++ accepts -g
configure:3223: g++ -c -g  conftest.cpp >&5
configure:3229: $? = 0
configure:3328: result: yes
configure:3362: checking for style of include used by make
configure:3390: result: GNU
configure:3415: checking dependency style of g++
configure:3506: result: gcc3
configure:3569: checking for gcc
configure:3585: found /usr/bin/gcc
configure:3596: result: gcc
configure:3834: checking for C compiler version
configure:3841: gcc --version >&5
gcc (Ubuntu 4.8.2-19ubuntu1) 4.8.2
Copyright (C) 2013 Free Software Foundation, Inc.
This is free software; see the source for copying conditions.  There is NO
warranty; not even for MERCHANTABILITY or FITNESS FOR A PARTICULAR PURPOSE.

configure:3844: $? = 0
configure:3851: gcc -v >&5
Using built-in specs.
COLLECT_GCC=gcc
COLLECT_LTO_WRAPPER=/usr/lib/gcc/x86_64-linux-gnu/4.8/lto-wrapper
Target: x86_64-linux-gnu
Configured with: ../src/configure -v --with-pkgversion='Ubuntu 4.8.2-19ubuntu1' --with-bugurl=file:///usr/share/doc/gcc-4.8/README.Bugs --enable-languages=c,c++,java,go,d,fortran,objc,obj-c++ --prefix=/usr --program-suffix=-4.8 --enable-shared --enable-linker-build-id --libexecdir=/usr/lib --without-included-gettext --enable-threads=posix --with-gxx-include-dir=/usr/include/c++/4.8 --libdir=/usr/lib --enable-nls --with-sysroot=/ --enable-clocale=gnu --enable-libstdcxx-debug --enable-libstdcxx-time=yes --enable-gnu-unique-object --disable-libmudflap --enable-plugin --with-system-zlib --disable-browser-plugin --enable-java-awt=gtk --enable-gtk-cairo --with-java-home=/usr/lib/jvm/java-1.5.0-gcj-4.8-amd64/jre --enable-java-home --with-jvm-root-dir=/usr/lib/jvm/java-1.5.0-gcj-4.8-amd64 --with-jvm-jar-dir=/usr/lib/jvm-exports/java-1.5.0-gcj-4.8-amd64 --with-arch-directory=amd64 --with-ecj-jar=/usr/share/java/eclipse-ecj.jar --enable-objc-gc --enable-multiarch --disable-werror --with-arch-32=i686 --with-abi=m64 --with-multilib-list=m32,m64,mx32 --with-tune=generic --enable-checking=release --build=x86_64-linux-gnu --host=x86_64-linux-gnu --target=x86_64-linux-gnu
Thread model: posix
gcc version 4.8.2 (Ubuntu 4.8.2-19ubuntu1) 
configure:3854: $? = 0
configure:3861: gcc -V >&5
gcc: error: unrecognized command line option '-V'
gcc: fatal error: no input files
compilation terminated.
configure:3864: $? = 4
configure:3867: checking whether we are using the GNU C compiler
configure:3896: gcc -c   conftest.c >&5
configure:3902: $? = 0
configure:3919: result: yes
configure:3924: checking whether gcc accepts -g
configure:3954: gcc -c -g  conftest.c >&5
configure:3960: $? = 0
configure:4059: result: yes
configure:4076: checking for gcc option to accept ISO C89
configure:4150: gcc  -c -g -O2  conftest.c >&5
configure:4156: $? = 0
configure:4179: result: none needed
configure:4199: checking dependency style of gcc
configure:4290: result: gcc3
configure:4310: checking how to run the C preprocessor
configure:4350: gcc -E  conftest.c
configure:4356: $? = 0
configure:4387: gcc -E  conftest.c
conftest.c:10:28: fatal error: ac_nonexistent.h: No such file or directory
 #include <ac_nonexistent.h>
                            ^
compilation terminated.
configure:4393: $? = 1
configure: failed program was:
| /* confdefs.h.  */
| #define PACKAGE_NAME "opencv"
| #define PACKAGE_TARNAME "opencv"
| #define PACKAGE_VERSION "1.1.0"
| #define PACKAGE_STRING "opencv 1.1.0"
| #define PACKAGE_BUGREPORT "opencvlibrary-devel@lists.sourceforge.net"
| #define PACKAGE "opencv"
| #define VERSION "1.1.0"
| /* end confdefs.h.  */
| #include <ac_nonexistent.h>
configure:4426: result: gcc -E
configure:4455: gcc -E  conftest.c
configure:4461: $? = 0
configure:4492: gcc -E  conftest.c
conftest.c:10:28: fatal error: ac_nonexistent.h: No such file or directory
 #include <ac_nonexistent.h>
                            ^
compilation terminated.
configure:4498: $? = 1
configure: failed program was:
| /* confdefs.h.  */
| #define PACKAGE_NAME "opencv"
| #define PACKAGE_TARNAME "opencv"
| #define PACKAGE_VERSION "1.1.0"
| #define PACKAGE_STRING "opencv 1.1.0"
| #define PACKAGE_BUGREPORT "opencvlibrary-devel@lists.sourceforge.net"
| #define PACKAGE "opencv"
| #define VERSION "1.1.0"
| /* end confdefs.h.  */
| #include <ac_nonexistent.h>
configure:4583: checking for a sed that does not truncate output
configure:4639: result: /bin/sed
configure:4642: checking for grep that handles long lines and -e
configure:4716: result: /bin/grep
configure:4721: checking for egrep
configure:4799: result: /bin/grep -E
configure:4815: checking for ld used by gcc
configure:4882: result: /usr/bin/ld
configure:4891: checking if the linker (/usr/bin/ld) is GNU ld
configure:4906: result: yes
configure:4911: checking for /usr/bin/ld option to reload object files
configure:4918: result: -r
configure:4936: checking for BSD-compatible nm
configure:4985: result: /usr/bin/nm -B
configure:4989: checking whether ln -s works
configure:4993: result: yes
configure:5000: checking how to recognize dependent libraries
configure:5186: result: pass_all
configure:5275: gcc -c -g -O2  conftest.c >&5
configure:5278: $? = 0
configure:5717: checking for ANSI C header files
configure:5747: gcc -c -g -O2  conftest.c >&5
configure:5753: $? = 0
configure:5852: gcc -o conftest -g -O2   conftest.c  >&5
configure:5855: $? = 0
configure:5861: ./conftest
configure:5864: $? = 0
configure:5881: result: yes
configure:5905: checking for sys/types.h
configure:5926: gcc -c -g -O2  conftest.c >&5
configure:5932: $? = 0
configure:5948: result: yes
configure:5905: checking for sys/stat.h
configure:5926: gcc -c -g -O2  conftest.c >&5
configure:5932: $? = 0
configure:5948: result: yes
configure:5905: checking for stdlib.h
configure:5926: gcc -c -g -O2  conftest.c >&5
configure:5932: $? = 0
configure:5948: result: yes
configure:5905: checking for string.h
configure:5926: gcc -c -g -O2  conftest.c >&5
configure:5932: $? = 0
configure:5948: result: yes
configure:5905: checking for memory.h
configure:5926: gcc -c -g -O2  conftest.c >&5
configure:5932: $? = 0
configure:5948: result: yes
configure:5905: checking for strings.h
configure:5926: gcc -c -g -O2  conftest.c >&5
configure:5932: $? = 0
configure:5948: result: yes
configure:5905: checking for inttypes.h
configure:5926: gcc -c -g -O2  conftest.c >&5
configure:5932: $? = 0
configure:5948: result: yes
configure:5905: checking for stdint.h
configure:5926: gcc -c -g -O2  conftest.c >&5
configure:5932: $? = 0
configure:5948: result: yes
configure:5905: checking for unistd.h
configure:5926: gcc -c -g -O2  conftest.c >&5
configure:5932: $? = 0
configure:5948: result: yes
configure:5975: checking dlfcn.h usability
configure:5992: gcc -c -g -O2  conftest.c >&5
configure:5998: $? = 0
configure:6012: result: yes
configure:6016: checking dlfcn.h presence
configure:6031: gcc -E  conftest.c
configure:6037: $? = 0
configure:6051: result: yes
configure:6084: checking for dlfcn.h
configure:6092: result: yes
configure:6115: checking how to run the C++ preprocessor
configure:6151: g++ -E  conftest.cpp
configure:6157: $? = 0
configure:6188: g++ -E  conftest.cpp
conftest.cpp:21:28: fatal error: ac_nonexistent.h: No such file or directory
 #include <ac_nonexistent.h>
                            ^
compilation terminated.
configure:6194: $? = 1
configure: failed program was:
| /* confdefs.h.  */
| #define PACKAGE_NAME "opencv"
| #define PACKAGE_TARNAME "opencv"
| #define PACKAGE_VERSION "1.1.0"
| #define PACKAGE_STRING "opencv 1.1.0"
| #define PACKAGE_BUGREPORT "opencvlibrary-devel@lists.sourceforge.net"
| #define PACKAGE "opencv"
| #define VERSION "1.1.0"
| #define STDC_HEADERS 1
| #define HAVE_SYS_TYPES_H 1
| #define HAVE_SYS_STAT_H 1
| #define HAVE_STDLIB_H 1
| #define HAVE_STRING_H 1
| #define HAVE_MEMORY_H 1
| #define HAVE_STRINGS_H 1
| #define HAVE_INTTYPES_H 1
| #define HAVE_STDINT_H 1
| #define HAVE_UNISTD_H 1
| #define HAVE_DLFCN_H 1
| /* end confdefs.h.  */
| #include <ac_nonexistent.h>
configure:6227: result: g++ -E
configure:6256: g++ -E  conftest.cpp
configure:6262: $? = 0
configure:6293: g++ -E  conftest.cpp
conftest.cpp:21:28: fatal error: ac_nonexistent.h: No such file or directory
 #include <ac_nonexistent.h>
                            ^
compilation terminated.
configure:6299: $? = 1
configure: failed program was:
| /* confdefs.h.  */
| #define PACKAGE_NAME "opencv"
| #define PACKAGE_TARNAME "opencv"
| #define PACKAGE_VERSION "1.1.0"
| #define PACKAGE_STRING "opencv 1.1.0"
| #define PACKAGE_BUGREPORT "opencvlibrary-devel@lists.sourceforge.net"
| #define PACKAGE "opencv"
| #define VERSION "1.1.0"
| #define STDC_HEADERS 1
| #define HAVE_SYS_TYPES_H 1
| #define HAVE_SYS_STAT_H 1
| #define HAVE_STDLIB_H 1
| #define HAVE_STRING_H 1
| #define HAVE_MEMORY_H 1
| #define HAVE_STRINGS_H 1
| #define HAVE_INTTYPES_H 1
| #define HAVE_STDINT_H 1
| #define HAVE_UNISTD_H 1
| #define HAVE_DLFCN_H 1
| /* end confdefs.h.  */
| #include <ac_nonexistent.h>
configure:6392: checking for g77
configure:6422: result: no
configure:6392: checking for xlf
configure:6422: result: no
configure:6392: checking for f77
configure:6422: result: no
configure:6392: checking for frt
configure:6422: result: no
configure:6392: checking for pgf77
configure:6422: result: no
configure:6392: checking for cf77
configure:6422: result: no
configure:6392: checking for fort77
configure:6422: result: no
configure:6392: checking for fl32
configure:6422: result: no
configure:6392: checking for af77
configure:6422: result: no
configure:6392: checking for xlf90
configure:6422: result: no
configure:6392: checking for f90
configure:6422: result: no
configure:6392: checking for pgf90
configure:6422: result: no
configure:6392: checking for pghpf
configure:6422: result: no
configure:6392: checking for epcf90
configure:6422: result: no
configure:6392: checking for gfortran
configure:6422: result: no
configure:6392: checking for g95
configure:6422: result: no
configure:6392: checking for xlf95
configure:6422: result: no
configure:6392: checking for f95
configure:6422: result: no
configure:6392: checking for fort
configure:6422: result: no
configure:6392: checking for ifort
configure:6422: result: no
configure:6392: checking for ifc
configure:6422: result: no
configure:6392: checking for efc
configure:6422: result: no
configure:6392: checking for pgf95
configure:6422: result: no
configure:6392: checking for lf95
configure:6422: result: no
configure:6392: checking for ftn
configure:6422: result: no
configure:6449: checking for Fortran 77 compiler version
configure:6456:  --version >&5
./configure: line 6457: --version: command not found
configure:6459: $? = 127
configure:6466:  -v >&5
./configure: line 6467: -v: command not found
configure:6469: $? = 127
configure:6476:  -V >&5
./configure: line 6477: -V: command not found
configure:6479: $? = 127
configure:6487: checking whether we are using the GNU Fortran 77 compiler
configure:6506:  -c  conftest.F >&5
./configure: line 6507: -c: command not found
configure:6512: $? = 127
configure: failed program was:
|       program main
| #ifndef __GNUC__
|        choke me
| #endif
| 
|       end
configure:6529: result: no
configure:6535: checking whether  accepts -g
configure:6552:  -c -g conftest.f >&5
./configure: line 6553: -c: command not found
configure:6558: $? = 127
configure: failed program was:
|       program main
| 
|       end
configure:6574: result: no
configure:6603: checking the maximum length of command line arguments
configure:6715: result: 1572864
configure:6727: checking command to parse /usr/bin/nm -B output from gcc object
configure:6832: gcc -c -g -O2  conftest.c >&5
configure:6835: $? = 0
configure:6839: /usr/bin/nm -B conftest.o \| sed -n -e 's/^.*[ 	]\([ABCDGIRSTW][ABCDGIRSTW]*\)[ 	][ 	]*\([_A-Za-z][_A-Za-z0-9]*\)$/\1 \2 \2/p' \> conftest.nm
configure:6842: $? = 0
configure:6894: gcc -o conftest -g -O2   conftest.c conftstm.o >&5
configure:6897: $? = 0
configure:6935: result: ok
configure:6939: checking for objdir
configure:6954: result: .libs
configure:7046: checking for ar
configure:7062: found /usr/bin/ar
configure:7073: result: ar
configure:7142: checking for ranlib
configure:7158: found /usr/bin/ranlib
configure:7169: result: ranlib
configure:7238: checking for strip
configure:7254: found /usr/bin/strip
configure:7265: result: strip
configure:7863: checking if gcc supports -fno-rtti -fno-exceptions
configure:7881: gcc -c -g -O2  -fno-rtti -fno-exceptions conftest.c >&5
cc1: warning: command line option '-fno-rtti' is valid for C++/ObjC++ but not for C [enabled by default]
configure:7885: $? = 0
configure:7898: result: no
configure:7913: checking for gcc option to produce PIC
configure:8145: result: -fPIC
configure:8153: checking if gcc PIC flag -fPIC works
configure:8171: gcc -c -g -O2  -fPIC -DPIC conftest.c >&5
configure:8175: $? = 0
configure:8188: result: yes
configure:8216: checking if gcc static flag -static works
configure:8244: result: yes
configure:8254: checking if gcc supports -c -o file.o
configure:8275: gcc -c -g -O2  -o out/conftest2.o conftest.c >&5
configure:8279: $? = 0
configure:8301: result: yes
configure:8327: checking whether the gcc linker (/usr/bin/ld -m elf_x86_64) supports shared libraries
configure:9308: result: yes
configure:9329: checking whether -lc should be explicitly linked in
configure:9334: gcc -c -g -O2  conftest.c >&5
configure:9337: $? = 0
configure:9352: gcc -shared conftest.o  -v -Wl,-soname -Wl,conftest -o conftest 2\>\&1 \| grep  -lc  \>/dev/null 2\>\&1
configure:9355: $? = 0
configure:9367: result: no
configure:9375: checking dynamic linker characteristics
configure:9989: result: GNU/Linux ld.so
configure:10013: checking how to hardcode library paths into programs
configure:10038: result: immediate
configure:10052: checking whether stripping libraries is possible
configure:10057: result: yes
configure:10859: checking if libtool supports shared libraries
configure:10861: result: yes
configure:10864: checking whether to build shared libraries
configure:10885: result: yes
configure:10888: checking whether to build static libraries
configure:10892: result: no
configure:10986: creating libtool
configure:11579: checking for ld used by g++
configure:11646: result: /usr/bin/ld -m elf_x86_64
configure:11655: checking if the linker (/usr/bin/ld -m elf_x86_64) is GNU ld
configure:11670: result: yes
configure:11721: checking whether the g++ linker (/usr/bin/ld -m elf_x86_64) supports shared libraries
configure:12667: result: yes
configure:12684: g++ -c -g -O2  conftest.cpp >&5
configure:12687: $? = 0
configure:12843: checking for g++ option to produce PIC
configure:13127: result: -fPIC
configure:13135: checking if g++ PIC flag -fPIC works
configure:13153: g++ -c -g -O2  -fPIC -DPIC conftest.cpp >&5
configure:13157: $? = 0
configure:13170: result: yes
configure:13198: checking if g++ static flag -static works
configure:13226: result: yes
configure:13236: checking if g++ supports -c -o file.o
configure:13257: g++ -c -g -O2  -o out/conftest2.o conftest.cpp >&5
configure:13261: $? = 0
configure:13283: result: yes
configure:13309: checking whether the g++ linker (/usr/bin/ld -m elf_x86_64) supports shared libraries
configure:13338: result: yes
configure:13405: checking dynamic linker characteristics
configure:13967: result: GNU/Linux ld.so
configure:13991: checking how to hardcode library paths into programs
configure:14016: result: immediate
configure:20490: checking for OpenMP support
configure:20522: gcc -o conftest    conftest.c  >&5
configure:20528: $? = 0
configure:20549: result: no
configure:20639: checking whether to build debug version (no optimization)
configure:20649: result: no
configure:20651: TARGET=x86_64-unknown-linux-gnu 
configure:20704: checking for pow in -lm
configure:20739: gcc -o conftest  -DNDEBUG   conftest.c -lm   >&5
conftest.c:28:6: warning: conflicting types for built-in function 'pow' [enabled by default]
 char pow ();
      ^
configure:20745: $? = 0
configure:20763: result: yes
configure:20775: checking for dlopen in -ldl
configure:20810: gcc -o conftest  -DNDEBUG   conftest.c -ldl  -lm  >&5
configure:20816: $? = 0
configure:20834: result: yes
configure:20846: checking for pthread_create in -lpthread
configure:20881: gcc -o conftest  -DNDEBUG   conftest.c -lpthread  -ldl -lm  >&5
configure:20887: $? = 0
configure:20905: result: yes
configure:20918: checking whether byte ordering is bigendian
configure:20951: gcc -c  -DNDEBUG  conftest.c >&5
configure:20957: $? = 0
configure:20989: gcc -c  -DNDEBUG  conftest.c >&5
conftest.c: In function 'main':
conftest.c:31:2: error: unknown type name 'not'
  not big endian
  ^
conftest.c:31:10: error: expected '=', ',', ';', 'asm' or '__attribute__' before 'endian'
  not big endian
          ^
configure:20995: $? = 1
configure: failed program was:
| /* confdefs.h.  */
| #define PACKAGE_NAME "opencv"
| #define PACKAGE_TARNAME "opencv"
| #define PACKAGE_VERSION "1.1.0"
| #define PACKAGE_STRING "opencv 1.1.0"
| #define PACKAGE_BUGREPORT "opencvlibrary-devel@lists.sourceforge.net"
| #define PACKAGE "opencv"
| #define VERSION "1.1.0"
| #define STDC_HEADERS 1
| #define HAVE_SYS_TYPES_H 1
| #define HAVE_SYS_STAT_H 1
| #define HAVE_STDLIB_H 1
| #define HAVE_STRING_H 1
| #define HAVE_MEMORY_H 1
| #define HAVE_STRINGS_H 1
| #define HAVE_INTTYPES_H 1
| #define HAVE_STDINT_H 1
| #define HAVE_UNISTD_H 1
| #define HAVE_DLFCN_H 1
| #define HAVE_LIBM 1
| #define HAVE_LIBDL 1
| #define HAVE_LIBPTHREAD 1
| /* end confdefs.h.  */
| #include <sys/types.h>
| #include <sys/param.h>
| 
| int
| main ()
| {
| #if BYTE_ORDER != BIG_ENDIAN
|  not big endian
| #endif
| 
|   ;
|   return 0;
| }
configure:21135: result: no
configure:21159: checking for working alloca.h
configure:21186: gcc -o conftest  -DNDEBUG   conftest.c -lpthread -ldl -lm  >&5
configure:21192: $? = 0
configure:21209: result: yes
configure:21219: checking for alloca
configure:21266: gcc -o conftest  -DNDEBUG   conftest.c -lpthread -ldl -lm  >&5
configure:21272: $? = 0
configure:21289: result: yes
configure:21531: checking malloc.h usability
configure:21548: gcc -c  -DNDEBUG  conftest.c >&5
configure:21554: $? = 0
configure:21568: result: yes
configure:21572: checking malloc.h presence
configure:21587: gcc -E -DNDEBUG  conftest.c
configure:21593: $? = 0
configure:21607: result: yes
configure:21640: checking for malloc.h
configure:21648: result: yes
configure:21676: checking assert.h usability
configure:21693: gcc -c  -DNDEBUG  conftest.c >&5
configure:21699: $? = 0
configure:21713: result: yes
configure:21717: checking assert.h presence
configure:21732: gcc -E -DNDEBUG  conftest.c
configure:21738: $? = 0
configure:21752: result: yes
configure:21785: checking for assert.h
configure:21793: result: yes
configure:21810: checking for lrint
configure:21866: gcc -o conftest  -DNDEBUG   conftest.c -lpthread -ldl -lm  >&5
conftest.c:51:6: warning: conflicting types for built-in function 'lrint' [enabled by default]
 char lrint ();
      ^
configure:21872: $? = 0
configure:21890: result: yes
configure:21922: checking Carbon/Carbon.h usability
configure:21939: gcc -c  -DNDEBUG  conftest.c >&5
conftest.c:62:27: fatal error: Carbon/Carbon.h: No such file or directory
 #include <Carbon/Carbon.h>
                           ^
compilation terminated.
configure:21945: $? = 1
configure: failed program was:
| /* confdefs.h.  */
| #define PACKAGE_NAME "opencv"
| #define PACKAGE_TARNAME "opencv"
| #define PACKAGE_VERSION "1.1.0"
| #define PACKAGE_STRING "opencv 1.1.0"
| #define PACKAGE_BUGREPORT "opencvlibrary-devel@lists.sourceforge.net"
| #define PACKAGE "opencv"
| #define VERSION "1.1.0"
| #define STDC_HEADERS 1
| #define HAVE_SYS_TYPES_H 1
| #define HAVE_SYS_STAT_H 1
| #define HAVE_STDLIB_H 1
| #define HAVE_STRING_H 1
| #define HAVE_MEMORY_H 1
| #define HAVE_STRINGS_H 1
| #define HAVE_INTTYPES_H 1
| #define HAVE_STDINT_H 1
| #define HAVE_UNISTD_H 1
| #define HAVE_DLFCN_H 1
| #define HAVE_LIBM 1
| #define HAVE_LIBDL 1
| #define HAVE_LIBPTHREAD 1
| #define HAVE_ALLOCA_H 1
| #define HAVE_ALLOCA 1
| #define HAVE_MALLOC_H 1
| #define HAVE_ASSERT_H 1
| #define HAVE_LRINT 1
| /* end confdefs.h.  */
| #include <stdio.h>
| #ifdef HAVE_SYS_TYPES_H
| # include <sys/types.h>
| #endif
| #ifdef HAVE_SYS_STAT_H
| # include <sys/stat.h>
| #endif
| #ifdef STDC_HEADERS
| # include <stdlib.h>
| # include <stddef.h>
| #else
| # ifdef HAVE_STDLIB_H
| #  include <stdlib.h>
| # endif
| #endif
| #ifdef HAVE_STRING_H
| # if !defined STDC_HEADERS && defined HAVE_MEMORY_H
| #  include <memory.h>
| # endif
| # include <string.h>
| #endif
| #ifdef HAVE_STRINGS_H
| # include <strings.h>
| #endif
| #ifdef HAVE_INTTYPES_H
| # include <inttypes.h>
| #endif
| #ifdef HAVE_STDINT_H
| # include <stdint.h>
| #endif
| #ifdef HAVE_UNISTD_H
| # include <unistd.h>
| #endif
| #include <Carbon/Carbon.h>
configure:21959: result: no
configure:21963: checking Carbon/Carbon.h presence
configure:21978: gcc -E -DNDEBUG  conftest.c
conftest.c:29:27: fatal error: Carbon/Carbon.h: No such file or directory
 #include <Carbon/Carbon.h>
                           ^
compilation terminated.
configure:21984: $? = 1
configure: failed program was:
| /* confdefs.h.  */
| #define PACKAGE_NAME "opencv"
| #define PACKAGE_TARNAME "opencv"
| #define PACKAGE_VERSION "1.1.0"
| #define PACKAGE_STRING "opencv 1.1.0"
| #define PACKAGE_BUGREPORT "opencvlibrary-devel@lists.sourceforge.net"
| #define PACKAGE "opencv"
| #define VERSION "1.1.0"
| #define STDC_HEADERS 1
| #define HAVE_SYS_TYPES_H 1
| #define HAVE_SYS_STAT_H 1
| #define HAVE_STDLIB_H 1
| #define HAVE_STRING_H 1
| #define HAVE_MEMORY_H 1
| #define HAVE_STRINGS_H 1
| #define HAVE_INTTYPES_H 1
| #define HAVE_STDINT_H 1
| #define HAVE_UNISTD_H 1
| #define HAVE_DLFCN_H 1
| #define HAVE_LIBM 1
| #define HAVE_LIBDL 1
| #define HAVE_LIBPTHREAD 1
| #define HAVE_ALLOCA_H 1
| #define HAVE_ALLOCA 1
| #define HAVE_MALLOC_H 1
| #define HAVE_ASSERT_H 1
| #define HAVE_LRINT 1
| /* end confdefs.h.  */
| #include <Carbon/Carbon.h>
configure:21998: result: no
configure:22031: checking for Carbon/Carbon.h
configure:22038: result: no
configure:22113: checking for pkg-config
configure:22131: found /usr/bin/pkg-config
configure:22144: result: /usr/bin/pkg-config
configure:22213: checking for "gtk+-2.0 gdk-pixbuf-2.0"
configure:22217: result: yes
configure:22221: checking GTK_CFLAGS
configure:22224: result: -pthread -I/usr/include/gtk-2.0 -I/usr/lib/x86_64-linux-gnu/gtk-2.0/include -I/usr/include/atk-1.0 -I/usr/include/cairo -I/usr/include/gdk-pixbuf-2.0 -I/usr/include/pango-1.0 -I/usr/include/gio-unix-2.0/ -I/usr/include/freetype2 -I/usr/include/glib-2.0 -I/usr/lib/x86_64-linux-gnu/glib-2.0/include -I/usr/include/pixman-1 -I/usr/include/libpng12 -I/usr/include/harfbuzz  
configure:22227: checking GTK_LIBS
configure:22230: result: -lgtk-x11-2.0 -lgdk-x11-2.0 -latk-1.0 -lgio-2.0 -lpangoft2-1.0 -lpangocairo-1.0 -lcairo -lpango-1.0 -lfontconfig -lfreetype -lgdk_pixbuf-2.0 -lgobject-2.0 -lglib-2.0  
configure:22334: checking for "gthread-2.0"
configure:22338: result: yes
configure:22342: checking GTHREAD_CFLAGS
configure:22345: result: -pthread -I/usr/include/glib-2.0 -I/usr/lib/x86_64-linux-gnu/glib-2.0/include  
configure:22348: checking GTHREAD_LIBS
configure:22351: result: -pthread -lgthread-2.0 -lglib-2.0  
configure:22448: checking QuickTime/QuickTime.h usability
configure:22465: gcc -c  -DNDEBUG  conftest.c >&5
conftest.c:64:33: fatal error: QuickTime/QuickTime.h: No such file or directory
 #include <QuickTime/QuickTime.h>
                                 ^
compilation terminated.
configure:22471: $? = 1
configure: failed program was:
| /* confdefs.h.  */
| #define PACKAGE_NAME "opencv"
| #define PACKAGE_TARNAME "opencv"
| #define PACKAGE_VERSION "1.1.0"
| #define PACKAGE_STRING "opencv 1.1.0"
| #define PACKAGE_BUGREPORT "opencvlibrary-devel@lists.sourceforge.net"
| #define PACKAGE "opencv"
| #define VERSION "1.1.0"
| #define STDC_HEADERS 1
| #define HAVE_SYS_TYPES_H 1
| #define HAVE_SYS_STAT_H 1
| #define HAVE_STDLIB_H 1
| #define HAVE_STRING_H 1
| #define HAVE_MEMORY_H 1
| #define HAVE_STRINGS_H 1
| #define HAVE_INTTYPES_H 1
| #define HAVE_STDINT_H 1
| #define HAVE_UNISTD_H 1
| #define HAVE_DLFCN_H 1
| #define HAVE_LIBM 1
| #define HAVE_LIBDL 1
| #define HAVE_LIBPTHREAD 1
| #define HAVE_ALLOCA_H 1
| #define HAVE_ALLOCA 1
| #define HAVE_MALLOC_H 1
| #define HAVE_ASSERT_H 1
| #define HAVE_LRINT 1
| #define HAVE_GTK
| #define HAVE_GTHREAD
| /* end confdefs.h.  */
| #include <stdio.h>
| #ifdef HAVE_SYS_TYPES_H
| # include <sys/types.h>
| #endif
| #ifdef HAVE_SYS_STAT_H
| # include <sys/stat.h>
| #endif
| #ifdef STDC_HEADERS
| # include <stdlib.h>
| # include <stddef.h>
| #else
| # ifdef HAVE_STDLIB_H
| #  include <stdlib.h>
| # endif
| #endif
| #ifdef HAVE_STRING_H
| # if !defined STDC_HEADERS && defined HAVE_MEMORY_H
| #  include <memory.h>
| # endif
| # include <string.h>
| #endif
| #ifdef HAVE_STRINGS_H
| # include <strings.h>
| #endif
| #ifdef HAVE_INTTYPES_H
| # include <inttypes.h>
| #endif
| #ifdef HAVE_STDINT_H
| # include <stdint.h>
| #endif
| #ifdef HAVE_UNISTD_H
| # include <unistd.h>
| #endif
| #include <QuickTime/QuickTime.h>
configure:22485: result: no
configure:22489: checking QuickTime/QuickTime.h presence
configure:22504: gcc -E -DNDEBUG  conftest.c
conftest.c:31:33: fatal error: QuickTime/QuickTime.h: No such file or directory
 #include <QuickTime/QuickTime.h>
                                 ^
compilation terminated.
configure:22510: $? = 1
configure: failed program was:
| /* confdefs.h.  */
| #define PACKAGE_NAME "opencv"
| #define PACKAGE_TARNAME "opencv"
| #define PACKAGE_VERSION "1.1.0"
| #define PACKAGE_STRING "opencv 1.1.0"
| #define PACKAGE_BUGREPORT "opencvlibrary-devel@lists.sourceforge.net"
| #define PACKAGE "opencv"
| #define VERSION "1.1.0"
| #define STDC_HEADERS 1
| #define HAVE_SYS_TYPES_H 1
| #define HAVE_SYS_STAT_H 1
| #define HAVE_STDLIB_H 1
| #define HAVE_STRING_H 1
| #define HAVE_MEMORY_H 1
| #define HAVE_STRINGS_H 1
| #define HAVE_INTTYPES_H 1
| #define HAVE_STDINT_H 1
| #define HAVE_UNISTD_H 1
| #define HAVE_DLFCN_H 1
| #define HAVE_LIBM 1
| #define HAVE_LIBDL 1
| #define HAVE_LIBPTHREAD 1
| #define HAVE_ALLOCA_H 1
| #define HAVE_ALLOCA 1
| #define HAVE_MALLOC_H 1
| #define HAVE_ASSERT_H 1
| #define HAVE_LRINT 1
| #define HAVE_GTK
| #define HAVE_GTHREAD
| /* end confdefs.h.  */
| #include <QuickTime/QuickTime.h>
configure:22524: result: no
configure:22557: checking for QuickTime/QuickTime.h
configure:22564: result: no
configure:23303: checking ffmpeg/avcodec.h usability
configure:23320: gcc -c  -DNDEBUG  conftest.c >&5
conftest.c:64:28: fatal error: ffmpeg/avcodec.h: No such file or directory
 #include <ffmpeg/avcodec.h>
                            ^
compilation terminated.
configure:23326: $? = 1
configure: failed program was:
| /* confdefs.h.  */
| #define PACKAGE_NAME "opencv"
| #define PACKAGE_TARNAME "opencv"
| #define PACKAGE_VERSION "1.1.0"
| #define PACKAGE_STRING "opencv 1.1.0"
| #define PACKAGE_BUGREPORT "opencvlibrary-devel@lists.sourceforge.net"
| #define PACKAGE "opencv"
| #define VERSION "1.1.0"
| #define STDC_HEADERS 1
| #define HAVE_SYS_TYPES_H 1
| #define HAVE_SYS_STAT_H 1
| #define HAVE_STDLIB_H 1
| #define HAVE_STRING_H 1
| #define HAVE_MEMORY_H 1
| #define HAVE_STRINGS_H 1
| #define HAVE_INTTYPES_H 1
| #define HAVE_STDINT_H 1
| #define HAVE_UNISTD_H 1
| #define HAVE_DLFCN_H 1
| #define HAVE_LIBM 1
| #define HAVE_LIBDL 1
| #define HAVE_LIBPTHREAD 1
| #define HAVE_ALLOCA_H 1
| #define HAVE_ALLOCA 1
| #define HAVE_MALLOC_H 1
| #define HAVE_ASSERT_H 1
| #define HAVE_LRINT 1
| #define HAVE_GTK
| #define HAVE_GTHREAD
| /* end confdefs.h.  */
| #include <stdio.h>
| #ifdef HAVE_SYS_TYPES_H
| # include <sys/types.h>
| #endif
| #ifdef HAVE_SYS_STAT_H
| # include <sys/stat.h>
| #endif
| #ifdef STDC_HEADERS
| # include <stdlib.h>
| # include <stddef.h>
| #else
| # ifdef HAVE_STDLIB_H
| #  include <stdlib.h>
| # endif
| #endif
| #ifdef HAVE_STRING_H
| # if !defined STDC_HEADERS && defined HAVE_MEMORY_H
| #  include <memory.h>
| # endif
| # include <string.h>
| #endif
| #ifdef HAVE_STRINGS_H
| # include <strings.h>
| #endif
| #ifdef HAVE_INTTYPES_H
| # include <inttypes.h>
| #endif
| #ifdef HAVE_STDINT_H
| # include <stdint.h>
| #endif
| #ifdef HAVE_UNISTD_H
| # include <unistd.h>
| #endif
| #include <ffmpeg/avcodec.h>
configure:23340: result: no
configure:23344: checking ffmpeg/avcodec.h presence
configure:23359: gcc -E -DNDEBUG  conftest.c
conftest.c:31:28: fatal error: ffmpeg/avcodec.h: No such file or directory
 #include <ffmpeg/avcodec.h>
                            ^
compilation terminated.
configure:23365: $? = 1
configure: failed program was:
| /* confdefs.h.  */
| #define PACKAGE_NAME "opencv"
| #define PACKAGE_TARNAME "opencv"
| #define PACKAGE_VERSION "1.1.0"
| #define PACKAGE_STRING "opencv 1.1.0"
| #define PACKAGE_BUGREPORT "opencvlibrary-devel@lists.sourceforge.net"
| #define PACKAGE "opencv"
| #define VERSION "1.1.0"
| #define STDC_HEADERS 1
| #define HAVE_SYS_TYPES_H 1
| #define HAVE_SYS_STAT_H 1
| #define HAVE_STDLIB_H 1
| #define HAVE_STRING_H 1
| #define HAVE_MEMORY_H 1
| #define HAVE_STRINGS_H 1
| #define HAVE_INTTYPES_H 1
| #define HAVE_STDINT_H 1
| #define HAVE_UNISTD_H 1
| #define HAVE_DLFCN_H 1
| #define HAVE_LIBM 1
| #define HAVE_LIBDL 1
| #define HAVE_LIBPTHREAD 1
| #define HAVE_ALLOCA_H 1
| #define HAVE_ALLOCA 1
| #define HAVE_MALLOC_H 1
| #define HAVE_ASSERT_H 1
| #define HAVE_LRINT 1
| #define HAVE_GTK
| #define HAVE_GTHREAD
| /* end confdefs.h.  */
| #include <ffmpeg/avcodec.h>
configure:23379: result: no
configure:23412: checking for ffmpeg/avcodec.h
configure:23419: result: no
configure:23618: checking ffmpeg/swscale.h usability
configure:23635: gcc -c  -DNDEBUG  conftest.c >&5
conftest.c:64:28: fatal error: ffmpeg/swscale.h: No such file or directory
 #include <ffmpeg/swscale.h>
                            ^
compilation terminated.
configure:23641: $? = 1
configure: failed program was:
| /* confdefs.h.  */
| #define PACKAGE_NAME "opencv"
| #define PACKAGE_TARNAME "opencv"
| #define PACKAGE_VERSION "1.1.0"
| #define PACKAGE_STRING "opencv 1.1.0"
| #define PACKAGE_BUGREPORT "opencvlibrary-devel@lists.sourceforge.net"
| #define PACKAGE "opencv"
| #define VERSION "1.1.0"
| #define STDC_HEADERS 1
| #define HAVE_SYS_TYPES_H 1
| #define HAVE_SYS_STAT_H 1
| #define HAVE_STDLIB_H 1
| #define HAVE_STRING_H 1
| #define HAVE_MEMORY_H 1
| #define HAVE_STRINGS_H 1
| #define HAVE_INTTYPES_H 1
| #define HAVE_STDINT_H 1
| #define HAVE_UNISTD_H 1
| #define HAVE_DLFCN_H 1
| #define HAVE_LIBM 1
| #define HAVE_LIBDL 1
| #define HAVE_LIBPTHREAD 1
| #define HAVE_ALLOCA_H 1
| #define HAVE_ALLOCA 1
| #define HAVE_MALLOC_H 1
| #define HAVE_ASSERT_H 1
| #define HAVE_LRINT 1
| #define HAVE_GTK
| #define HAVE_GTHREAD
| /* end confdefs.h.  */
| #include <stdio.h>
| #ifdef HAVE_SYS_TYPES_H
| # include <sys/types.h>
| #endif
| #ifdef HAVE_SYS_STAT_H
| # include <sys/stat.h>
| #endif
| #ifdef STDC_HEADERS
| # include <stdlib.h>
| # include <stddef.h>
| #else
| # ifdef HAVE_STDLIB_H
| #  include <stdlib.h>
| # endif
| #endif
| #ifdef HAVE_STRING_H
| # if !defined STDC_HEADERS && defined HAVE_MEMORY_H
| #  include <memory.h>
| # endif
| # include <string.h>
| #endif
| #ifdef HAVE_STRINGS_H
| # include <strings.h>
| #endif
| #ifdef HAVE_INTTYPES_H
| # include <inttypes.h>
| #endif
| #ifdef HAVE_STDINT_H
| # include <stdint.h>
| #endif
| #ifdef HAVE_UNISTD_H
| # include <unistd.h>
| #endif
| #include <ffmpeg/swscale.h>
configure:23655: result: no
configure:23659: checking ffmpeg/swscale.h presence
configure:23674: gcc -E -DNDEBUG  conftest.c
conftest.c:31:28: fatal error: ffmpeg/swscale.h: No such file or directory
 #include <ffmpeg/swscale.h>
                            ^
compilation terminated.
configure:23680: $? = 1
configure: failed program was:
| /* confdefs.h.  */
| #define PACKAGE_NAME "opencv"
| #define PACKAGE_TARNAME "opencv"
| #define PACKAGE_VERSION "1.1.0"
| #define PACKAGE_STRING "opencv 1.1.0"
| #define PACKAGE_BUGREPORT "opencvlibrary-devel@lists.sourceforge.net"
| #define PACKAGE "opencv"
| #define VERSION "1.1.0"
| #define STDC_HEADERS 1
| #define HAVE_SYS_TYPES_H 1
| #define HAVE_SYS_STAT_H 1
| #define HAVE_STDLIB_H 1
| #define HAVE_STRING_H 1
| #define HAVE_MEMORY_H 1
| #define HAVE_STRINGS_H 1
| #define HAVE_INTTYPES_H 1
| #define HAVE_STDINT_H 1
| #define HAVE_UNISTD_H 1
| #define HAVE_DLFCN_H 1
| #define HAVE_LIBM 1
| #define HAVE_LIBDL 1
| #define HAVE_LIBPTHREAD 1
| #define HAVE_ALLOCA_H 1
| #define HAVE_ALLOCA 1
| #define HAVE_MALLOC_H 1
| #define HAVE_ASSERT_H 1
| #define HAVE_LRINT 1
| #define HAVE_GTK
| #define HAVE_GTHREAD
| /* end confdefs.h.  */
| #include <ffmpeg/swscale.h>
configure:23694: result: no
configure:23727: checking for ffmpeg/swscale.h
configure:23734: result: no
configure:23860: checking libraw1394/raw1394.h usability
configure:23877: gcc -c  -DNDEBUG  conftest.c >&5
conftest.c:64:32: fatal error: libraw1394/raw1394.h: No such file or directory
 #include <libraw1394/raw1394.h>
                                ^
compilation terminated.
configure:23883: $? = 1
configure: failed program was:
| /* confdefs.h.  */
| #define PACKAGE_NAME "opencv"
| #define PACKAGE_TARNAME "opencv"
| #define PACKAGE_VERSION "1.1.0"
| #define PACKAGE_STRING "opencv 1.1.0"
| #define PACKAGE_BUGREPORT "opencvlibrary-devel@lists.sourceforge.net"
| #define PACKAGE "opencv"
| #define VERSION "1.1.0"
| #define STDC_HEADERS 1
| #define HAVE_SYS_TYPES_H 1
| #define HAVE_SYS_STAT_H 1
| #define HAVE_STDLIB_H 1
| #define HAVE_STRING_H 1
| #define HAVE_MEMORY_H 1
| #define HAVE_STRINGS_H 1
| #define HAVE_INTTYPES_H 1
| #define HAVE_STDINT_H 1
| #define HAVE_UNISTD_H 1
| #define HAVE_DLFCN_H 1
| #define HAVE_LIBM 1
| #define HAVE_LIBDL 1
| #define HAVE_LIBPTHREAD 1
| #define HAVE_ALLOCA_H 1
| #define HAVE_ALLOCA 1
| #define HAVE_MALLOC_H 1
| #define HAVE_ASSERT_H 1
| #define HAVE_LRINT 1
| #define HAVE_GTK
| #define HAVE_GTHREAD
| /* end confdefs.h.  */
| #include <stdio.h>
| #ifdef HAVE_SYS_TYPES_H
| # include <sys/types.h>
| #endif
| #ifdef HAVE_SYS_STAT_H
| # include <sys/stat.h>
| #endif
| #ifdef STDC_HEADERS
| # include <stdlib.h>
| # include <stddef.h>
| #else
| # ifdef HAVE_STDLIB_H
| #  include <stdlib.h>
| # endif
| #endif
| #ifdef HAVE_STRING_H
| # if !defined STDC_HEADERS && defined HAVE_MEMORY_H
| #  include <memory.h>
| # endif
| # include <string.h>
| #endif
| #ifdef HAVE_STRINGS_H
| # include <strings.h>
| #endif
| #ifdef HAVE_INTTYPES_H
| # include <inttypes.h>
| #endif
| #ifdef HAVE_STDINT_H
| # include <stdint.h>
| #endif
| #ifdef HAVE_UNISTD_H
| # include <unistd.h>
| #endif
| #include <libraw1394/raw1394.h>
configure:23897: result: no
configure:23901: checking libraw1394/raw1394.h presence
configure:23916: gcc -E -DNDEBUG  conftest.c
conftest.c:31:32: fatal error: libraw1394/raw1394.h: No such file or directory
 #include <libraw1394/raw1394.h>
                                ^
compilation terminated.
configure:23922: $? = 1
configure: failed program was:
| /* confdefs.h.  */
| #define PACKAGE_NAME "opencv"
| #define PACKAGE_TARNAME "opencv"
| #define PACKAGE_VERSION "1.1.0"
| #define PACKAGE_STRING "opencv 1.1.0"
| #define PACKAGE_BUGREPORT "opencvlibrary-devel@lists.sourceforge.net"
| #define PACKAGE "opencv"
| #define VERSION "1.1.0"
| #define STDC_HEADERS 1
| #define HAVE_SYS_TYPES_H 1
| #define HAVE_SYS_STAT_H 1
| #define HAVE_STDLIB_H 1
| #define HAVE_STRING_H 1
| #define HAVE_MEMORY_H 1
| #define HAVE_STRINGS_H 1
| #define HAVE_INTTYPES_H 1
| #define HAVE_STDINT_H 1
| #define HAVE_UNISTD_H 1
| #define HAVE_DLFCN_H 1
| #define HAVE_LIBM 1
| #define HAVE_LIBDL 1
| #define HAVE_LIBPTHREAD 1
| #define HAVE_ALLOCA_H 1
| #define HAVE_ALLOCA 1
| #define HAVE_MALLOC_H 1
| #define HAVE_ASSERT_H 1
| #define HAVE_LRINT 1
| #define HAVE_GTK
| #define HAVE_GTHREAD
| /* end confdefs.h.  */
| #include <libraw1394/raw1394.h>
configure:23936: result: no
configure:23969: checking for libraw1394/raw1394.h
configure:23976: result: no
configure:24565: checking ApplicationServices/ApplicationServices.h usability
configure:24582: gcc -c  -DNDEBUG  conftest.c >&5
conftest.c:64:53: fatal error: ApplicationServices/ApplicationServices.h: No such file or directory
 #include <ApplicationServices/ApplicationServices.h>
                                                     ^
compilation terminated.
configure:24588: $? = 1
configure: failed program was:
| /* confdefs.h.  */
| #define PACKAGE_NAME "opencv"
| #define PACKAGE_TARNAME "opencv"
| #define PACKAGE_VERSION "1.1.0"
| #define PACKAGE_STRING "opencv 1.1.0"
| #define PACKAGE_BUGREPORT "opencvlibrary-devel@lists.sourceforge.net"
| #define PACKAGE "opencv"
| #define VERSION "1.1.0"
| #define STDC_HEADERS 1
| #define HAVE_SYS_TYPES_H 1
| #define HAVE_SYS_STAT_H 1
| #define HAVE_STDLIB_H 1
| #define HAVE_STRING_H 1
| #define HAVE_MEMORY_H 1
| #define HAVE_STRINGS_H 1
| #define HAVE_INTTYPES_H 1
| #define HAVE_STDINT_H 1
| #define HAVE_UNISTD_H 1
| #define HAVE_DLFCN_H 1
| #define HAVE_LIBM 1
| #define HAVE_LIBDL 1
| #define HAVE_LIBPTHREAD 1
| #define HAVE_ALLOCA_H 1
| #define HAVE_ALLOCA 1
| #define HAVE_MALLOC_H 1
| #define HAVE_ASSERT_H 1
| #define HAVE_LRINT 1
| #define HAVE_GTK
| #define HAVE_GTHREAD
| /* end confdefs.h.  */
| #include <stdio.h>
| #ifdef HAVE_SYS_TYPES_H
| # include <sys/types.h>
| #endif
| #ifdef HAVE_SYS_STAT_H
| # include <sys/stat.h>
| #endif
| #ifdef STDC_HEADERS
| # include <stdlib.h>
| # include <stddef.h>
| #else
| # ifdef HAVE_STDLIB_H
| #  include <stdlib.h>
| # endif
| #endif
| #ifdef HAVE_STRING_H
| # if !defined STDC_HEADERS && defined HAVE_MEMORY_H
| #  include <memory.h>
| # endif
| # include <string.h>
| #endif
| #ifdef HAVE_STRINGS_H
| # include <strings.h>
| #endif
| #ifdef HAVE_INTTYPES_H
| # include <inttypes.h>
| #endif
| #ifdef HAVE_STDINT_H
| # include <stdint.h>
| #endif
| #ifdef HAVE_UNISTD_H
| # include <unistd.h>
| #endif
| #include <ApplicationServices/ApplicationServices.h>
configure:24602: result: no
configure:24606: checking ApplicationServices/ApplicationServices.h presence
configure:24621: gcc -E -DNDEBUG  conftest.c
conftest.c:31:53: fatal error: ApplicationServices/ApplicationServices.h: No such file or directory
 #include <ApplicationServices/ApplicationServices.h>
                                                     ^
compilation terminated.
configure:24627: $? = 1
configure: failed program was:
| /* confdefs.h.  */
| #define PACKAGE_NAME "opencv"
| #define PACKAGE_TARNAME "opencv"
| #define PACKAGE_VERSION "1.1.0"
| #define PACKAGE_STRING "opencv 1.1.0"
| #define PACKAGE_BUGREPORT "opencvlibrary-devel@lists.sourceforge.net"
| #define PACKAGE "opencv"
| #define VERSION "1.1.0"
| #define STDC_HEADERS 1
| #define HAVE_SYS_TYPES_H 1
| #define HAVE_SYS_STAT_H 1
| #define HAVE_STDLIB_H 1
| #define HAVE_STRING_H 1
| #define HAVE_MEMORY_H 1
| #define HAVE_STRINGS_H 1
| #define HAVE_INTTYPES_H 1
| #define HAVE_STDINT_H 1
| #define HAVE_UNISTD_H 1
| #define HAVE_DLFCN_H 1
| #define HAVE_LIBM 1
| #define HAVE_LIBDL 1
| #define HAVE_LIBPTHREAD 1
| #define HAVE_ALLOCA_H 1
| #define HAVE_ALLOCA 1
| #define HAVE_MALLOC_H 1
| #define HAVE_ASSERT_H 1
| #define HAVE_LRINT 1
| #define HAVE_GTK
| #define HAVE_GTHREAD
| /* end confdefs.h.  */
| #include <ApplicationServices/ApplicationServices.h>
configure:24641: result: no
configure:24674: checking for ApplicationServices/ApplicationServices.h
configure:24681: result: no
configure:24731: checking jpeglib.h usability
configure:24748: gcc -c  -DNDEBUG  conftest.c >&5
configure:24754: $? = 0
configure:24768: result: yes
configure:24772: checking jpeglib.h presence
configure:24787: gcc -E -DNDEBUG  conftest.c
configure:24793: $? = 0
configure:24807: result: yes
configure:24840: checking for jpeglib.h
configure:24847: result: yes
configure:24852: checking for jpeg_destroy_decompress in -ljpeg
configure:24887: gcc -o conftest  -DNDEBUG   conftest.c -ljpeg  -lpthread -ldl -lm  >&5
configure:24893: $? = 0
configure:24911: result: yes
configure:24939: checking zlib.h usability
configure:24956: gcc -c  -DNDEBUG  conftest.c >&5
configure:24962: $? = 0
configure:24976: result: yes
configure:24980: checking zlib.h presence
configure:24995: gcc -E -DNDEBUG  conftest.c
configure:25001: $? = 0
configure:25015: result: yes
configure:25048: checking for zlib.h
configure:25055: result: yes
configure:25060: checking for gzopen in -lz
configure:25095: gcc -o conftest  -DNDEBUG   conftest.c -lz  -lpthread -ldl -lm  >&5
configure:25101: $? = 0
configure:25119: result: yes
configure:25148: checking png.h usability
configure:25165: gcc -c  -DNDEBUG  conftest.c >&5
configure:25171: $? = 0
configure:25185: result: yes
configure:25189: checking png.h presence
configure:25204: gcc -E -DNDEBUG  conftest.c
configure:25210: $? = 0
configure:25224: result: yes
configure:25257: checking for png.h
configure:25264: result: yes
configure:25290: checking libpng/png.h usability
configure:25307: gcc -c  -DNDEBUG  conftest.c >&5
configure:25313: $? = 0
configure:25327: result: yes
configure:25331: checking libpng/png.h presence
configure:25346: gcc -E -DNDEBUG  conftest.c
configure:25352: $? = 0
configure:25366: result: yes
configure:25399: checking for libpng/png.h
configure:25406: result: yes
configure:25424: checking for png_read_image in -lpng12
configure:25459: gcc -o conftest  -DNDEBUG   conftest.c -lpng12  -lpthread -ldl -lm  -lz -lm >&5
configure:25465: $? = 0
configure:25483: result: yes
configure:25500: checking for png_get_valid
configure:25556: gcc -o conftest  -DNDEBUG   conftest.c -lpng12 -lpthread -ldl -lm  -lz -lm >&5
configure:25562: $? = 0
configure:25580: result: yes
configure:25500: checking for png_set_tRNS_to_alpha
configure:25556: gcc -o conftest  -DNDEBUG   conftest.c -lpng12 -lpthread -ldl -lm  -lz -lm >&5
configure:25562: $? = 0
configure:25580: result: yes
configure:25607: checking tiff.h usability
configure:25624: gcc -c  -DNDEBUG  conftest.c >&5
configure:25630: $? = 0
configure:25644: result: yes
configure:25648: checking tiff.h presence
configure:25663: gcc -E -DNDEBUG  conftest.c
configure:25669: $? = 0
configure:25683: result: yes
configure:25716: checking for tiff.h
configure:25723: result: yes
configure:25728: checking for TIFFReadRGBAStrip in -ltiff
configure:25763: gcc -o conftest  -DNDEBUG   conftest.c -ltiff  -lpng12 -lpthread -ldl -lm  -lz -lm >&5
configure:25769: $? = 0
configure:25787: result: yes
configure:25818: checking jasper/jasper.h usability
configure:25835: gcc -c  -DNDEBUG  conftest.c >&5
configure:25841: $? = 0
configure:25855: result: yes
configure:25859: checking jasper/jasper.h presence
configure:25874: gcc -E -DNDEBUG  conftest.c
configure:25880: $? = 0
configure:25894: result: yes
configure:25927: checking for jasper/jasper.h
configure:25934: result: yes
configure:25939: checking for jas_image_readcmpt in -ljasper
configure:25974: gcc -o conftest  -DNDEBUG   conftest.c -ljasper  -lpng12 -lpthread -ldl -lm  -lz -lm -ltiff >&5
configure:25980: $? = 0
configure:25998: result: yes
configure:26028: checking ImfCRgbaFile.h usability
configure:26045: gcc -c  -DNDEBUG  conftest.c >&5
conftest.c:73:26: fatal error: ImfCRgbaFile.h: No such file or directory
 #include <ImfCRgbaFile.h>
                          ^
compilation terminated.
configure:26051: $? = 1
configure: failed program was:
| /* confdefs.h.  */
| #define PACKAGE_NAME "opencv"
| #define PACKAGE_TARNAME "opencv"
| #define PACKAGE_VERSION "1.1.0"
| #define PACKAGE_STRING "opencv 1.1.0"
| #define PACKAGE_BUGREPORT "opencvlibrary-devel@lists.sourceforge.net"
| #define PACKAGE "opencv"
| #define VERSION "1.1.0"
| #define STDC_HEADERS 1
| #define HAVE_SYS_TYPES_H 1
| #define HAVE_SYS_STAT_H 1
| #define HAVE_STDLIB_H 1
| #define HAVE_STRING_H 1
| #define HAVE_MEMORY_H 1
| #define HAVE_STRINGS_H 1
| #define HAVE_INTTYPES_H 1
| #define HAVE_STDINT_H 1
| #define HAVE_UNISTD_H 1
| #define HAVE_DLFCN_H 1
| #define HAVE_LIBM 1
| #define HAVE_LIBDL 1
| #define HAVE_LIBPTHREAD 1
| #define HAVE_ALLOCA_H 1
| #define HAVE_ALLOCA 1
| #define HAVE_MALLOC_H 1
| #define HAVE_ASSERT_H 1
| #define HAVE_LRINT 1
| #define HAVE_GTK
| #define HAVE_GTHREAD
| #define HAVE_JPEG
| #define HAVE_ZLIB
| #define HAVE_PNG_H
| #define HAVE_LIBPNG_PNG_H
| #define HAVE_PNG
| #define HAVE_PNG_GET_VALID 1
| #define HAVE_PNG_SET_TRNS_TO_ALPHA 1
| #define HAVE_TIFF
| #define HAVE_JASPER
| /* end confdefs.h.  */
| #include <stdio.h>
| #ifdef HAVE_SYS_TYPES_H
| # include <sys/types.h>
| #endif
| #ifdef HAVE_SYS_STAT_H
| # include <sys/stat.h>
| #endif
| #ifdef STDC_HEADERS
| # include <stdlib.h>
| # include <stddef.h>
| #else
| # ifdef HAVE_STDLIB_H
| #  include <stdlib.h>
| # endif
| #endif
| #ifdef HAVE_STRING_H
| # if !defined STDC_HEADERS && defined HAVE_MEMORY_H
| #  include <memory.h>
| # endif
| # include <string.h>
| #endif
| #ifdef HAVE_STRINGS_H
| # include <strings.h>
| #endif
| #ifdef HAVE_INTTYPES_H
| # include <inttypes.h>
| #endif
| #ifdef HAVE_STDINT_H
| # include <stdint.h>
| #endif
| #ifdef HAVE_UNISTD_H
| # include <unistd.h>
| #endif
| #include <ImfCRgbaFile.h>
configure:26065: result: no
configure:26069: checking ImfCRgbaFile.h presence
configure:26084: gcc -E -DNDEBUG  conftest.c
conftest.c:40:26: fatal error: ImfCRgbaFile.h: No such file or directory
 #include <ImfCRgbaFile.h>
                          ^
compilation terminated.
configure:26090: $? = 1
configure: failed program was:
| /* confdefs.h.  */
| #define PACKAGE_NAME "opencv"
| #define PACKAGE_TARNAME "opencv"
| #define PACKAGE_VERSION "1.1.0"
| #define PACKAGE_STRING "opencv 1.1.0"
| #define PACKAGE_BUGREPORT "opencvlibrary-devel@lists.sourceforge.net"
| #define PACKAGE "opencv"
| #define VERSION "1.1.0"
| #define STDC_HEADERS 1
| #define HAVE_SYS_TYPES_H 1
| #define HAVE_SYS_STAT_H 1
| #define HAVE_STDLIB_H 1
| #define HAVE_STRING_H 1
| #define HAVE_MEMORY_H 1
| #define HAVE_STRINGS_H 1
| #define HAVE_INTTYPES_H 1
| #define HAVE_STDINT_H 1
| #define HAVE_UNISTD_H 1
| #define HAVE_DLFCN_H 1
| #define HAVE_LIBM 1
| #define HAVE_LIBDL 1
| #define HAVE_LIBPTHREAD 1
| #define HAVE_ALLOCA_H 1
| #define HAVE_ALLOCA 1
| #define HAVE_MALLOC_H 1
| #define HAVE_ASSERT_H 1
| #define HAVE_LRINT 1
| #define HAVE_GTK
| #define HAVE_GTHREAD
| #define HAVE_JPEG
| #define HAVE_ZLIB
| #define HAVE_PNG_H
| #define HAVE_LIBPNG_PNG_H
| #define HAVE_PNG
| #define HAVE_PNG_GET_VALID 1
| #define HAVE_PNG_SET_TRNS_TO_ALPHA 1
| #define HAVE_TIFF
| #define HAVE_JASPER
| /* end confdefs.h.  */
| #include <ImfCRgbaFile.h>
configure:26104: result: no
configure:26137: checking for ImfCRgbaFile.h
configure:26144: result: no
configure:27721: creating ./config.status

## ---------------------- ##
## Running config.status. ##
## ---------------------- ##

This file was extended by opencv config.status 1.1.0, which was
generated by GNU Autoconf 2.61.  Invocation command line was

  CONFIG_FILES    = 
  CONFIG_HEADERS  = 
  CONFIG_LINKS    = 
  CONFIG_COMMANDS = 
  $ ./config.status 

on ZoneX

config.status:789: creating Makefile
config.status:789: creating opencv.pc
config.status:789: creating opencv.spec
config.status:789: creating docs/Makefile
config.status:789: creating data/Makefile
config.status:789: creating cxcore/Makefile
config.status:789: creating cxcore/include/Makefile
config.status:789: creating cxcore/src/Makefile
config.status:789: creating cv/Makefile
config.status:789: creating cv/include/Makefile
config.status:789: creating cv/src/Makefile
config.status:789: creating cvaux/Makefile
config.status:789: creating cvaux/include/Makefile
config.status:789: creating cvaux/src/Makefile
config.status:789: creating ml/Makefile
config.status:789: creating ml/include/Makefile
config.status:789: creating ml/src/Makefile
config.status:789: creating otherlibs/Makefile
config.status:789: creating otherlibs/highgui/Makefile
config.status:789: creating apps/Makefile
config.status:789: creating apps/haartraining/Makefile
config.status:789: creating apps/haartraining/include/Makefile
config.status:789: creating apps/haartraining/src/Makefile
config.status:789: creating interfaces/Makefile
config.status:789: creating interfaces/swig/Makefile
config.status:789: creating interfaces/swig/filtered/Makefile
config.status:789: creating interfaces/swig/general/Makefile
config.status:789: creating interfaces/swig/python/Makefile
config.status:789: creating interfaces/swig/octave/Makefile
config.status:789: creating tests/Makefile
config.status:789: creating tests/python/Makefile
config.status:789: creating tests/octave/Makefile
config.status:789: creating tests/cv/Makefile
config.status:789: creating tests/cv/src/Makefile
config.status:789: creating tests/cxts/Makefile
config.status:789: creating tests/cxcore/Makefile
config.status:789: creating tests/cxcore/src/Makefile
config.status:789: creating utils/Makefile
config.status:789: creating samples/Makefile
config.status:789: creating samples/c/Makefile
config.status:789: creating samples/python/Makefile
config.status:789: creating samples/octave/Makefile
config.status:789: creating cvconfig.h
config.status:1035: cvconfig.h is unchanged
config.status:1082: executing depfiles commands
configure:29168: result:
General configuration ================================================
    Compiler:                 g++
    CXXFLAGS:                 
    DEF_CXXFLAGS:             -Wall -fno-rtti -pipe -O3 -g  -msse2 
    PY_CXXFLAGS:              -Wall -pipe -O3 -g  -msse2 
    OCT_CXXFLAGS:             -fno-strict-aliasing -Wall -Wno-uninitialized -pipe -O3 -g  -msse2 

    Install path:             /usr/local

HighGUI configuration ================================================

    Windowing system --------------
    Use Carbon / Mac OS X:    no
    Use gtk+ 2.x:             yes
    Use gthread:              yes

    Image I/O ---------------------
    Use ImageIO / Mac OS X:   no
    Use libjpeg:              yes
    Use zlib:                 yes
    Use libpng:               yes
    Use libtiff:              yes
    Use libjasper:            yes
    Use libIlmImf:            no

    Video I/O ---------------------
    Use QuickTime / Mac OS X: no
    Use xine:                 no
    Use gstreamer:            no
    Use ffmpeg:               no
    Use dc1394 & raw1394:     no
    Use v4l:                  no
    Use v4l2:                 no
    Use unicap:               no

Wrappers for other languages =========================================
    SWIG                      
    Python                    no
    Octave                    no

Additional build settings ============================================
    Build demo apps           no

Now run make ...


## ---------------- ##
## Cache variables. ##
## ---------------- ##

ac_cv_build=x86_64-unknown-linux-gnu
ac_cv_c_bigendian=no
ac_cv_c_compiler_gnu=yes
ac_cv_cxx_compiler_gnu=yes
ac_cv_env_CCC_set=
ac_cv_env_CCC_value=
ac_cv_env_CC_set=
ac_cv_env_CC_value=
ac_cv_env_CFLAGS_set=
ac_cv_env_CFLAGS_value=
ac_cv_env_CPPFLAGS_set=
ac_cv_env_CPPFLAGS_value=
ac_cv_env_CPP_set=
ac_cv_env_CPP_value=
ac_cv_env_CXXCPP_set=
ac_cv_env_CXXCPP_value=
ac_cv_env_CXXFLAGS_set=
ac_cv_env_CXXFLAGS_value=
ac_cv_env_CXX_set=
ac_cv_env_CXX_value=
ac_cv_env_F77_set=
ac_cv_env_F77_value=
ac_cv_env_FFLAGS_set=
ac_cv_env_FFLAGS_value=
ac_cv_env_LDFLAGS_set=
ac_cv_env_LDFLAGS_value=
ac_cv_env_LIBS_set=
ac_cv_env_LIBS_value=
ac_cv_env_PYTHON_set=
ac_cv_env_PYTHON_value=
ac_cv_env_SWIG_set=
ac_cv_env_SWIG_value=
ac_cv_env_build_alias_set=
ac_cv_env_build_alias_value=
ac_cv_env_host_alias_set=
ac_cv_env_host_alias_value=
ac_cv_env_target_alias_set=
ac_cv_env_target_alias_value=
ac_cv_f77_compiler_gnu=no
ac_cv_func_alloca_works=yes
ac_cv_func_lrint=yes
ac_cv_func_png_get_valid=yes
ac_cv_func_png_set_tRNS_to_alpha=yes
ac_cv_header_ApplicationServices_ApplicationServices_h=no
ac_cv_header_Carbon_Carbon_h=no
ac_cv_header_ImfCRgbaFile_h=no
ac_cv_header_QuickTime_QuickTime_h=no
ac_cv_header_assert_h=yes
ac_cv_header_dlfcn_h=yes
ac_cv_header_ffmpeg_avcodec_h=no
ac_cv_header_ffmpeg_swscale_h=no
ac_cv_header_inttypes_h=yes
ac_cv_header_jasper_jasper_h=yes
ac_cv_header_jpeglib_h=yes
ac_cv_header_libpng_png_h=yes
ac_cv_header_libraw1394_raw1394_h=no
ac_cv_header_malloc_h=yes
ac_cv_header_memory_h=yes
ac_cv_header_png_h=yes
ac_cv_header_stdc=yes
ac_cv_header_stdint_h=yes
ac_cv_header_stdlib_h=yes
ac_cv_header_string_h=yes
ac_cv_header_strings_h=yes
ac_cv_header_sys_stat_h=yes
ac_cv_header_sys_types_h=yes
ac_cv_header_tiff_h=yes
ac_cv_header_unistd_h=yes
ac_cv_header_zlib_h=yes
ac_cv_host=x86_64-unknown-linux-gnu
ac_cv_lib_dl_dlopen=yes
ac_cv_lib_jasper_jas_image_readcmpt=yes
ac_cv_lib_jpeg_jpeg_destroy_decompress=yes
ac_cv_lib_m_pow=yes
ac_cv_lib_png12_png_read_image=yes
ac_cv_lib_pthread_pthread_create=yes
ac_cv_lib_tiff_TIFFReadRGBAStrip=yes
ac_cv_lib_z_gzopen=yes
ac_cv_objext=o
ac_cv_path_EGREP='/bin/grep -E'
ac_cv_path_GREP=/bin/grep
ac_cv_path_PKG_CONFIG=/usr/bin/pkg-config
ac_cv_path_install='/usr/bin/install -c'
ac_cv_path_mkdir=/bin/mkdir
ac_cv_prog_AWK=gawk
ac_cv_prog_CPP='gcc -E'
ac_cv_prog_CXXCPP='g++ -E'
ac_cv_prog_ac_ct_AR=ar
ac_cv_prog_ac_ct_CC=gcc
ac_cv_prog_ac_ct_CXX=g++
ac_cv_prog_ac_ct_RANLIB=ranlib
ac_cv_prog_ac_ct_STRIP=strip
ac_cv_prog_cc_c89=
ac_cv_prog_cc_g=yes
ac_cv_prog_cxx_g=yes
ac_cv_prog_f77_g=no
ac_cv_prog_make_make_set=yes
ac_cv_target=x86_64-unknown-linux-gnu
ac_cv_working_alloca_h=yes
am_cv_CC_dependencies_compiler_type=gcc3
am_cv_CXX_dependencies_compiler_type=gcc3
lt_cv_deplibs_check_method=pass_all
lt_cv_file_magic_cmd='$MAGIC_CMD'
lt_cv_file_magic_test_file=
lt_cv_ld_reload_flag=-r
lt_cv_objdir=.libs
lt_cv_path_LD=/usr/bin/ld
lt_cv_path_LDCXX='/usr/bin/ld -m elf_x86_64'
lt_cv_path_NM='/usr/bin/nm -B'
lt_cv_path_SED=/bin/sed
lt_cv_prog_compiler_c_o=yes
lt_cv_prog_compiler_c_o_CXX=yes
lt_cv_prog_compiler_pic_works=yes
lt_cv_prog_compiler_pic_works_CXX=yes
lt_cv_prog_compiler_rtti_exceptions=no
lt_cv_prog_compiler_static_works=yes
lt_cv_prog_compiler_static_works_CXX=yes
lt_cv_prog_gnu_ld=yes
lt_cv_prog_gnu_ldcxx=yes
lt_cv_sys_global_symbol_pipe='sed -n -e '\''s/^.*[ 	]\([ABCDGIRSTW][ABCDGIRSTW]*\)[ 	][ 	]*\([_A-Za-z][_A-Za-z0-9]*\)$/\1 \2 \2/p'\'''
lt_cv_sys_global_symbol_to_c_name_address='sed -n -e '\''s/^: \([^ ]*\) $/  {\"\1\", (lt_ptr) 0},/p'\'' -e '\''s/^[BCDEGRST] \([^ ]*\) \([^ ]*\)$/  {"\2", (lt_ptr) \&\2},/p'\'''
lt_cv_sys_global_symbol_to_cdecl='sed -n -e '\''s/^. .* \(.*\)$/extern int \1;/p'\'''
lt_cv_sys_lib_dlsearch_path_spec='/lib /usr/lib /usr/lib/x86_64-linux-gnu/libfakeroot /usr/local/lib /lib/x86_64-linux-gnu /usr/lib/x86_64-linux-gnu /usr/lib/x86_64-linux-gnu/mesa-egl /usr/lib/x86_64-linux-gnu/mesa /usr/lib/x86_64-linux-gnu/mir/clientplatform/mesa /lib32 /usr/lib32 '
lt_cv_sys_lib_search_path_spec='/usr/lib/gcc/x86_64-linux-gnu/4.8 /usr/lib/x86_64-linux-gnu /usr/lib /lib/x86_64-linux-gnu /lib'
lt_cv_sys_max_cmd_len=1572864
lt_lt_cv_prog_compiler_c_o='"yes"'
lt_lt_cv_prog_compiler_c_o_CXX='"yes"'
lt_lt_cv_sys_global_symbol_pipe='"sed -n -e '\''s/^.*[ 	]\\([ABCDGIRSTW][ABCDGIRSTW]*\\)[ 	][ 	]*\\([_A-Za-z][_A-Za-z0-9]*\\)\$/\\1 \\2 \\2/p'\''"'
lt_lt_cv_sys_global_symbol_to_c_name_address='"sed -n -e '\''s/^: \\([^ ]*\\) \$/  {\\\"\\1\\\", (lt_ptr) 0},/p'\'' -e '\''s/^[BCDEGRST] \\([^ ]*\\) \\([^ ]*\\)\$/  {\"\\2\", (lt_ptr) \\&\\2},/p'\''"'
lt_lt_cv_sys_global_symbol_to_cdecl='"sed -n -e '\''s/^. .* \\(.*\\)\$/extern int \\1;/p'\''"'

## ----------------- ##
## Output variables. ##
## ----------------- ##

ACLOCAL='${SHELL} /home/tjwallas/Downloads/opencv-1.1.0/autotools/missing --run aclocal-1.10'
ALLOCA=''
AMDEPBACKSLASH='\'
AMDEP_FALSE='#'
AMDEP_TRUE=''
AMTAR='${SHELL} /home/tjwallas/Downloads/opencv-1.1.0/autotools/missing --run tar'
AR='ar'
AS='as'
AUTOCONF='${SHELL} /home/tjwallas/Downloads/opencv-1.1.0/autotools/missing --run autoconf'
AUTOHEADER='${SHELL} /home/tjwallas/Downloads/opencv-1.1.0/autotools/missing --run autoheader'
AUTOMAKE='${SHELL} /home/tjwallas/Downloads/opencv-1.1.0/autotools/missing --run automake-1.10'
AWK='gawk'
BUILD_APPS_FALSE=''
BUILD_APPS_TRUE='#'
BUILD_CARBON_FALSE=''
BUILD_CARBON_TRUE='#'
BUILD_DC1394_FALSE=''
BUILD_DC1394_TRUE='#'
BUILD_FFMPEG_FALSE=''
BUILD_FFMPEG_TRUE='#'
BUILD_GSTREAMER_FALSE=''
BUILD_GSTREAMER_TRUE='#'
BUILD_GTK_FALSE='#'
BUILD_GTK_TRUE=''
BUILD_IMAGEIO_FALSE=''
BUILD_IMAGEIO_TRUE='#'
BUILD_OCTAVE_WRAPPERS_FALSE=''
BUILD_OCTAVE_WRAPPERS_TRUE='#'
BUILD_PYTHON_WRAPPERS_FALSE=''
BUILD_PYTHON_WRAPPERS_TRUE='#'
BUILD_QUICKTIME_FALSE=''
BUILD_QUICKTIME_TRUE='#'
BUILD_UNICAP_FALSE=''
BUILD_UNICAP_TRUE='#'
BUILD_V4L_FALSE=''
BUILD_V4L_TRUE='#'
BUILD_XINE_FALSE=''
BUILD_XINE_TRUE='#'
CARBON_CFLAGS=''
CARBON_LIBS=''
CC='gcc'
CCDEPMODE='depmode=gcc3'
CFLAGS=''
CPP='gcc -E'
CPPFLAGS='-DNDEBUG '
CXX='g++'
CXXCPP='g++ -E'
CXXDEPMODE='depmode=gcc3'
CXXFLAGS=''
CYGPATH_W='echo'
DEBUG=''
DEFS='-DHAVE_CONFIG_H'
DEF_CXXFLAGS='-Wall -fno-rtti -pipe -O3 -g  -msse2 '
DEPDIR='.deps'
DLLTOOL='dlltool'
DSYMUTIL=''
ECHO='echo'
ECHO_C=''
ECHO_N='-n'
ECHO_T=''
EGREP='/bin/grep -E'
EXEEXT=''
F77=''
FFLAGS=''
FFMPEGLIBS=' '
GREP='/bin/grep'
GSTREAMER_CFLAGS=''
GSTREAMER_LIBS=''
GTHREAD_CFLAGS='-pthread -I/usr/include/glib-2.0 -I/usr/lib/x86_64-linux-gnu/glib-2.0/include  '
GTHREAD_LIBS='-pthread -lgthread-2.0 -lglib-2.0  '
GTK_CFLAGS='-pthread -I/usr/include/gtk-2.0 -I/usr/lib/x86_64-linux-gnu/gtk-2.0/include -I/usr/include/atk-1.0 -I/usr/include/cairo -I/usr/include/gdk-pixbuf-2.0 -I/usr/include/pango-1.0 -I/usr/include/gio-unix-2.0/ -I/usr/include/freetype2 -I/usr/include/glib-2.0 -I/usr/lib/x86_64-linux-gnu/glib-2.0/include -I/usr/include/pixman-1 -I/usr/include/libpng12 -I/usr/include/harfbuzz  '
GTK_LIBS='-lgtk-x11-2.0 -lgdk-x11-2.0 -latk-1.0 -lgio-2.0 -lpangoft2-1.0 -lpangocairo-1.0 -lcairo -lpango-1.0 -lfontconfig -lfreetype -lgdk_pixbuf-2.0 -lgobject-2.0 -lglib-2.0  '
IEEE1394LIBS=''
IMAGELIBS='-lpng12  -ljpeg -lz -lm -ltiff -ljasper'
INSTALL_DATA='${INSTALL} -m 644'
INSTALL_PROGRAM='${INSTALL}'
INSTALL_SCRIPT='${INSTALL}'
INSTALL_STRIP_PROGRAM='$(install_sh) -c -s'
LDFLAGS=''
LIBOBJS=''
LIBS='-lpthread -ldl -lm '
LIBTOOL='$(SHELL) $(top_builddir)/libtool'
LN_S='ln -s'
LTLIBOBJS=''
LT_VERSION='2:0:0'
MAKEINFO='${SHELL} /home/tjwallas/Downloads/opencv-1.1.0/autotools/missing --run makeinfo'
MKOCTFILE=''
MMAJOR='1'
MMINOR='1'
MSUBMINOR='0'
NMEDIT=''
OBJDUMP='objdump'
OBJEXT='o'
OCTAVE=''
OCTAVE_ARCH=''
OCTAVE_INCFLAGS=''
OCT_CXXFLAGS='-fno-strict-aliasing -Wall -Wno-uninitialized -pipe -O3 -g  -msse2 '
PACKAGE='opencv'
PACKAGE_BUGREPORT='opencvlibrary-devel@lists.sourceforge.net'
PACKAGE_NAME='opencv'
PACKAGE_STRING='opencv 1.1.0'
PACKAGE_TARNAME='opencv'
PACKAGE_VERSION='1.1.0'
PATH_SEPARATOR=':'
PKG_CONFIG='/usr/bin/pkg-config'
PYTHON=''
PYTHON_CSPEC=''
PYTHON_EXEC_PREFIX=''
PYTHON_LSPEC=''
PYTHON_PLATFORM=''
PYTHON_PREFIX=''
PYTHON_VERSION=''
PY_CXXFLAGS='-Wall -pipe -O3 -g  -msse2 '
QUICKTIME_CFLAGS=''
QUICKTIME_LIBS=''
RANLIB='ranlib'
SED='/bin/sed'
SET_MAKE=''
SHELL='/bin/bash'
STRIP='strip'
SWIG=''
SWIG_OCTAVE_OPT=''
SWIG_PYTHON_LIBS=''
SWIG_PYTHON_OPT=''
SWIG_RUNTIME_LIBS_DIR=''
SWIG_VERSION=''
UCIL_PACKAGE_CFLAGS=''
UCIL_PACKAGE_LIBS=''
UNICAP_PACKAGE_CFLAGS=''
UNICAP_PACKAGE_LIBS=''
UPDATE_SWIG_WRAPPERS_FALSE=''
UPDATE_SWIG_WRAPPERS_TRUE='#'
VERSION='1.1.0'
XINE_LIBS=''
ac_ct_CC='gcc'
ac_ct_CXX='g++'
ac_ct_F77=''
am__fastdepCC_FALSE='#'
am__fastdepCC_TRUE=''
am__fastdepCXX_FALSE='#'
am__fastdepCXX_TRUE=''
am__include='include'
am__isrc=''
am__leading_dot='.'
am__quote=''
am__tar='${AMTAR} chof - "$$tardir"'
am__untar='${AMTAR} xf -'
bindir='${exec_prefix}/bin'
build='x86_64-unknown-linux-gnu'
build_alias=''
build_cpu='x86_64'
build_os='linux-gnu'
build_vendor='unknown'
datadir='${datarootdir}'
datarootdir='${prefix}/share'
docdir='${datarootdir}/doc/${PACKAGE_TARNAME}'
dvidir='${docdir}'
exec_prefix='${prefix}'
host='x86_64-unknown-linux-gnu'
host_alias=''
host_cpu='x86_64'
host_os='linux-gnu'
host_vendor='unknown'
htmldir='${docdir}'
includedir='${prefix}/include'
infodir='${datarootdir}/info'
install_sh='$(SHELL) /home/tjwallas/Downloads/opencv-1.1.0/autotools/install-sh'
libdir='${exec_prefix}/lib'
libexecdir='${exec_prefix}/libexec'
localedir='${datarootdir}/locale'
localstatedir='${prefix}/var'
mandir='${datarootdir}/man'
mkdir_p='/bin/mkdir -p'
oldincludedir='/usr/include'
pdfdir='${docdir}'
pkgpyexecdir=''
pkgpythondir=''
prefix='/usr/local'
program_transform_name='s,x,x,'
psdir='${docdir}'
pyexecdir=''
pythondir=''
sbindir='${exec_prefix}/sbin'
sharedstatedir='${prefix}/com'
sysconfdir='${prefix}/etc'
target='x86_64-unknown-linux-gnu'
target_alias=''
target_cpu='x86_64'
target_os='linux-gnu'
target_vendor='unknown'

## ----------- ##
## confdefs.h. ##
## ----------- ##

#define PACKAGE_NAME "opencv"
#define PACKAGE_TARNAME "opencv"
#define PACKAGE_VERSION "1.1.0"
#define PACKAGE_STRING "opencv 1.1.0"
#define PACKAGE_BUGREPORT "opencvlibrary-devel@lists.sourceforge.net"
#define PACKAGE "opencv"
#define VERSION "1.1.0"
#define STDC_HEADERS 1
#define HAVE_SYS_TYPES_H 1
#define HAVE_SYS_STAT_H 1
#define HAVE_STDLIB_H 1
#define HAVE_STRING_H 1
#define HAVE_MEMORY_H 1
#define HAVE_STRINGS_H 1
#define HAVE_INTTYPES_H 1
#define HAVE_STDINT_H 1
#define HAVE_UNISTD_H 1
#define HAVE_DLFCN_H 1
#define HAVE_LIBM 1
#define HAVE_LIBDL 1
#define HAVE_LIBPTHREAD 1
#define HAVE_ALLOCA_H 1
#define HAVE_ALLOCA 1
#define HAVE_MALLOC_H 1
#define HAVE_ASSERT_H 1
#define HAVE_LRINT 1
#define HAVE_GTK
#define HAVE_GTHREAD
#define HAVE_JPEG
#define HAVE_ZLIB
#define HAVE_PNG_H
#define HAVE_LIBPNG_PNG_H
#define HAVE_PNG
#define HAVE_PNG_GET_VALID 1
#define HAVE_PNG_SET_TRNS_TO_ALPHA 1
#define HAVE_TIFF
#define HAVE_JASPER

configure: exit 0
